Arguments: 
  /home/ubuntu/.nvm/versions/node/v14.21.3/bin/node /usr/bin/yarn dev

PATH: 
  /home/ubuntu/.console-ninja/.bin:/home/ubuntu/.nvm/versions/node/v14.21.3/bin:/home/ubuntu/.console-ninja/.bin:/home/ubuntu/.local/bin:/usr/local/sbin:/usr/local/bin:/usr/sbin:/usr/bin:/sbin:/bin:/usr/games:/usr/local/games:/snap/bin

Yarn version: 
  1.22.19

Node version: 
  14.21.3

Platform: 
  linux x64

Trace: 
  SyntaxError: /home/ubuntu/Desktop/greenBook/greenBookServer/package.json: Unexpected token / in JSON at position 102
      at JSON.parse (<anonymous>)
      at /usr/lib/node_modules/yarn/lib/cli.js:1629:59
      at Generator.next (<anonymous>)
      at step (/usr/lib/node_modules/yarn/lib/cli.js:310:30)
      at /usr/lib/node_modules/yarn/lib/cli.js:321:13

npm manifest: 
  {
      "name": "greenBook",
      "version": "1.0.0",
      "description": "",
      "main": "index.js",
      // "engines": {
      //     "node": "18.x"
      // },
      "scripts": {
          "dev": "nodemon index.js",
          "start": "node index.js"
      },
      "keywords": [],
      "author": "",
      "license": "ISC",
      "dependencies": {
          "bcryptjs": "^2.4.3",
          "cookie-parser": "^1.4.7",
          "cors": "^2.8.5",
          "crypto": "^1.0.1",
          "csv-parse": "^5.5.6",
          "dotenv": "^16.4.5",
          "express": "^4.21.1",
          "joi": "^17.13.3",
          "jsonwebtoken": "^9.0.2",
          "mongoose": "^8.8.1",
          "multer": "^1.4.5-lts.1",
          "nodemon": "^3.1.7",
          "yarn": "^1.22.22"
      }
  }

yarn manifest: 
  No manifest

Lockfile: 
  No lockfile
